d:\documents\github\game\console\oselo\release\coselo.pch
d:\documents\github\game\console\oselo\release\vc140.pdb
d:\documents\github\game\console\oselo\release\stdafx.obj
d:\documents\github\game\console\oselo\release\qagentinit.obj
d:\documents\github\game\console\oselo\release\qagentput.obj
d:\documents\github\game\console\oselo\release\putstate.obj
d:\documents\github\game\console\oselo\release\oseloundo.obj
d:\documents\github\game\console\oselo\release\oseloput.obj
d:\documents\github\game\console\oselo\release\oseloget.obj
d:\documents\github\game\console\oselo\release\oseloetc.obj
d:\documents\github\game\console\oselo\release\oselodisp.obj
d:\documents\github\game\console\oselo\release\oselocheck.obj
d:\documents\github\game\console\oselo\release\main.obj
d:\documents\github\game\console\oselo\release\boardput.obj
d:\documents\github\game\console\oselo\release\boardinit.obj
d:\documents\github\game\console\oselo\release\boardget.obj
d:\documents\github\game\console\oselo\release\agentput.obj
d:\documents\github\game\console\oselo\release\agentinit.obj
d:\documents\github\game\console\oselo\release\agentdisp.obj
d:\documents\github\game\console\oselo\release\coselo.tlog\cl.command.1.tlog
d:\documents\github\game\console\oselo\release\coselo.tlog\cl.read.1.tlog
d:\documents\github\game\console\oselo\release\coselo.tlog\cl.write.1.tlog
d:\documents\github\game\console\oselo\release\coselo.tlog\link.command.1.tlog
d:\documents\github\game\console\oselo\release\coselo.tlog\link.read.1.tlog
d:\documents\github\game\console\oselo\release\coselo.tlog\link.write.1.tlog
