diff --git a/Console/.vs/Console/v14/.suo b/Console/.vs/Console/v14/.suo
new file mode 100644
index 0000000000000000000000000000000000000000..96ff7b9e897338a9c9497d0ea2f61ba91ba35de4
GIT binary patch
literal 96768
zcmeHw2Vi7Xx&IAI*`)~x2nZ6Yl%2`c%w&O;DM@yhWH)sS3@($IJIU<MWa5-;vPA_!
zv4Du6D}sVgl%m)uB9>JY3l=P|sL%Jr?z4-3eeeH(eZSu=xp!`++$ot&;GX20bMCq4
zobQzHeCIpgDfg-G9Q)I|K5@#^g2Aj7mI=@AUm+Z-^FK)E7LE}F2cGHo{Qmv>`Kk>7
zZvl^%St2zsBxLZH7utnxVG?#$m}OI%HYW;)%(eH~Rbt)r*lDvPH+`?I8{uC6Dmm}~
zFlK~p!dhTYz|}3xR7s`y^@*TBeN`8~E&cRSc#}?PHVbJXB@75rAtr3c@3<fe8-yv;
zL=w4~6moK~vcG2w2emE3+misyN7;b77k9w@A$ArRwfrpi6mpV5eTaZz<RA(V<zQuh
ziT@J3Wj{5Ge=EX1px{3O?&tIs2siul;YxaZbu`?o0ha=f0t5gd!0`ZMT-Jjdz<4z0
z!@WZHEc=@OJppkq0Cbc{<2?8sqWJq@y9{Aij#B1iggX+T)>{znFo5AnmOX%8z#70>
zz&gNXfIdJ!U_D?1U;r=(7y=9fMgXILjet#ne*$a)ybe$*9|zj+^~hH%`~NYiBNn9p
zzXIhrPN`#9Rn2_}VfBBxnp7HGjz{)oeV<`JzZBpEsNoLNxm7>Ct@eNN3;Hi~|34Ub
z$crlV{}YwGsJu$w|GV(+#oYg|M)|J+ya8}6;5xt?0dE3a4|p@+Er7QI-Uhe<a3kRD
zfSUmC0FY+h3Huhnt$=p{-VN9b;5#F{5B_%p?gZQg;Cu4Q4=U~t!TvDd9>BedAH$S0
zpG25XDd8T1{jlQxH0(ze_hYa>tGGW8`wNQui?F|>xW5ehD~kK8u)n6bzXAJ6#r-YV
z-&WjD!Tzq|{yyv<DDHoO{jZAqhp>O7xc?pYPXYe{_)maZFF%9(&wyV5eyRBX8uo7h
zzXd!8_#NQ)0LJ+v>^~`PKK~W&XO!pv2m9}Ue*pel@%#U<{}=GA@~p4RrPBWQBkvz6
zk$=*}Qg45jfu^4JXS_z*e;5*HN+`_9yCF&HO+fk`hi_JrL1jr8m0!ZFg#7t(_#X>k
zUP=U+=QR$W8&}BQ8-y`P|NX$01s|uxO_`U!Iml7|d2x*%X97R*o{kr0@h1@WASIy?
zN*@I-VoL(^j(NE-Vk~}!{5>}|n#Irlr=~KBvQp}g3UOeM&&>x!%tu%U)eOsj2m&1p
zs0V)-SjW)P<I>D0i?NXNk0|CsQ^-|PX^BmeD-NF>h75U>`ai1%{G2x|SJE-!moeo~
zc6lZgKt85GAEb<=;;YX>C-9#Nk9L6B^1l>ePXf?PN@W+3a((7VrToNAV<r{0*Op~+
zNO}G@g*wk753?voKWcvxz?o>aYI11*n(2?IcPc4wkotZ~YG1bYxNhbdhHteTaQ=B1
z(&_}5EkF775E%wc5G|VlwWU$wENrv$UOBcPoT}9SiSRIs|8|5uPf1_|cyqwphq99D
zhJ^`<^780^<cigLU_Jf+y}+%~|3+XKk?J6Yewcw4U|4GRY2+scS2d&ZzoQY*Z28}V
zu;dpsmD-;=31<}^e6CXetB{si{NF*?yNDd78h)2F`;fzy`c?50H%+N9M!)aDgK{iQ
zHT+J2GlcR6_@#2o*v;YpXC(IqCCO^|-POxqGyZ=AZpwW$)yAJ{`Z(7ArAX%tfZ6)5
zW&Gp#FpWC!ApKGX@`r@?2)wKZ{~GkOxHR@oqUWW+0ejF3Q<6`%YVQ{W_CNBTqw2&T
z1plGtk@8Ol9A^@k`{1HH5XLXHfR#)=^cO*b*C~lsqQ9lW|6hT!90xGl{uck&_`gy9
zVt?njV^#ys{!e-8lp5;)B7{}PKO_Dg^hfpq&PzD|s5S=HL;o)W{wI_Sl*c~{nS>*9
z3Zcszmj7hDJ_lfy{`CCMh`%3op9WU0!|0{%a&m~u|A?EWd``7DC%`$PJR0#^^1oJ3
zW?ZWL--f_u>wl@p|KtU(1(1J!jJh%_e{o(>$<!l%Q~&>NCDBUbpIm-dCG-OM4<*D`
z0?fAmUl8^ICDrQq%Sk?R0`>5}zai?mBv_cSNN+SPMnaj%TqY$(Hsr)qM*g)=$7ZIo
znQaVp=*5$TRBE;0p2+8?R&{jbViRIInzN^qv1}%nN#yOZOu8d3P9ye|nC(dC#tO+)
zyu;;ixEWsnAJ1d0H3E4%2M$M#hwR=K7FNL-h6g8HX}pw`KM^d!al*d_zGDc{3qgo)
zBZ`71C$VNe>ysSB;v^@|OoL0xOu>$nsYH1A!dc-jKS=-SD_<Ge6#2|=j%T*mWHcW`
zb({&1pZ4!hiMdF>TDbO&$y_0tY9G!Q;>k?A(_?o;Hija}$ylmz{_Usz=KBxdal^MF
z>;C%fj?evGswSo^1Y)Zq1KG@YHkxklNt#YDE=Fbw`D7}YpJgg)&C@M-!mA?TOstR=
zC-b>TZ!*88&}jQzjbt0u|KE%>-U+w`a4X<l0QRrFfcF4y18~kuxr=Mx)c?O9a3|m{
zzy|;v6CZ=EHbAZRrx5o+z(atC0gnJa4R{pr835CN3G7<aeW8cf%NWI)Cp&bJl*J~|
zo#L1kQ5Vb(SS*Q9|E8}aRB=^9-RqG`C|SQp{ZmYu?Z~=jcHJEO#-WX=tb;iZ{FiIF
zl<AlcCE1D=`uUvvIRY$GC@FPq#7G?w*$3rL%0`@fI)n?$rguRd^MAekr<eCsJ&;i+
zUui!I^shxUT{feJ7pw!CjbNt(()@EPSSPu35@i;peK>ik2BuIaTTu&kX}^~oOZ#=y
zfuB5pIv5&`v8?ed>O6{Zf%1O}&pCr8+_*L%#}+Vn9MpCi9#k4s{VUnzONS~IU>tb#
z{b2w@3~8d$ULcge&0Zt^D-ix4m&rM-gnty+Su>UN0CuJSaWpea|9bkXCV#jEubj~`
zzxBu;k0UL!@}FDU)l&vJygC262zD*){{+InRY|g1`8`Uwau)U9)TJH@FkAm$M_9Av
zca`jQT5ec=KOR@tfd88a`(`BxbMjkxp)1i``Hjl~TnLDREvXB0b_@dN9%Xyojr(%<
z-f+M