d:\documents\visual studio 2015\projects\osero\oselosystem\release\oselosystem.pch
d:\documents\visual studio 2015\projects\osero\oselosystem\release\vc140.pdb
d:\documents\visual studio 2015\projects\osero\oselosystem\release\stdafx.obj
d:\documents\visual studio 2015\projects\osero\oselosystem\release\oselosystem.pdb
d:\documents\visual studio 2015\projects\osero\oselosystem\release\putstate.obj
d:\documents\visual studio 2015\projects\osero\oselosystem\release\oseloput.obj
d:\documents\visual studio 2015\projects\osero\oselosystem\release\oselosystem.obj
d:\documents\visual studio 2015\projects\osero\oselosystem\release\oseloget.obj
d:\documents\visual studio 2015\projects\osero\oselosystem\release\oseloetc.obj
d:\documents\visual studio 2015\projects\osero\oselosystem\release\oselodisp.obj
d:\documents\visual studio 2015\projects\osero\oselosystem\release\oselocheck.obj
d:\documents\visual studio 2015\projects\osero\oselosystem\release\boardput.obj
d:\documents\visual studio 2015\projects\osero\oselosystem\release\boardinit.obj
d:\documents\visual studio 2015\projects\osero\oselosystem\release\boardget.obj
d:\documents\visual studio 2015\projects\osero\oselosystem\release\agent.obj
d:\documents\github\rlforoseloai\osero\oselosystem\release\oselosystem.pch
d:\documents\github\rlforoseloai\osero\oselosystem\release\vc140.pdb
d:\documents\github\rlforoseloai\osero\oselosystem\release\stdafx.obj
d:\documents\github\rlforoseloai\osero\oselosystem\release\qagent.obj
d:\documents\github\rlforoseloai\osero\oselosystem\release\putstate.obj
d:\documents\github\rlforoseloai\osero\oselosystem\release\oseloput.obj
d:\documents\github\rlforoseloai\osero\oselosystem\release\oselosystem.obj
d:\documents\github\rlforoseloai\osero\oselosystem\release\oseloget.obj
d:\documents\github\rlforoseloai\osero\oselosystem\release\oseloetc.obj
d:\documents\github\rlforoseloai\osero\oselosystem\release\oselodisp.obj
d:\documents\github\rlforoseloai\osero\oselosystem\release\oselocheck.obj
d:\documents\github\rlforoseloai\osero\oselosystem\release\boardput.obj
d:\documents\github\rlforoseloai\osero\oselosystem\release\boardinit.obj
d:\documents\github\rlforoseloai\osero\oselosystem\release\boardget.obj
d:\documents\github\rlforoseloai\osero\oselosystem\release\baseagent.obj
d:\documents\visual studio 2015\projects\osero\release\oselosystem.lib
d:\documents\visual studio 2015\projects\osero\release\oselosystem.exe
d:\documents\visual studio 2015\projects\osero\release\oselosystem.ipdb
d:\documents\visual studio 2015\projects\osero\release\oselosystem.iobj
d:\documents\visual studio 2015\projects\osero\release\oselosystem.pdb
d:\documents\github\rlforoseloai\osero\release\oselosystem.exe
d:\documents\github\rlforoseloai\osero\release\oselosystem.ipdb
d:\documents\github\rlforoseloai\osero\release\oselosystem.iobj
d:\documents\github\rlforoseloai\osero\release\oselosystem.pdb
d:\documents\github\rlforoseloai\osero\release\oselosystem.lib
d:\documents\github\rlforoseloai\osero\release\oselosystem.exp
d:\documents\github\rlforoseloai\osero\oselosystem\release\agent.obj
d:\documents\github\rlforoseloai\osero\oselosystem\release\oselosystem.pdb
d:\documents\github\rlforoseloai\osero\oselosystem\release\oselosystem.tlog\cl.command.1.tlog
d:\documents\github\rlforoseloai\osero\oselosystem\release\oselosystem.tlog\cl.read.1.tlog
d:\documents\github\rlforoseloai\osero\oselosystem\release\oselosystem.tlog\cl.write.1.tlog
d:\documents\github\rlforoseloai\osero\oselosystem\release\oselosystem.tlog\lib-link.read.1.tlog
d:\documents\github\rlforoseloai\osero\oselosystem\release\oselosystem.tlog\lib-link.write.1.tlog
d:\documents\github\rlforoseloai\osero\oselosystem\release\oselosystem.tlog\lib.command.1.tlog
d:\documents\github\rlforoseloai\osero\oselosystem\release\oselosystem.tlog\link.command.1.tlog
d:\documents\github\rlforoseloai\osero\oselosystem\release\oselosystem.tlog\link.read.1.tlog
d:\documents\github\rlforoseloai\osero\oselosystem\release\oselosystem.tlog\link.write.1.tlog
d:\documents\github\rlforoseloai\osero\oselosystem\release\oselosystem.tlog\oselosystem.write.1u.tlog
