d:\documents\visual studio 2015\projects\osero\oselosystem\debug\oselosystem.pch
d:\documents\visual studio 2015\projects\osero\oselosystem\debug\vc140.pdb
d:\documents\visual studio 2015\projects\osero\oselosystem\debug\vc140.idb
d:\documents\visual studio 2015\projects\osero\oselosystem\debug\stdafx.obj
d:\documents\visual studio 2015\projects\osero\oselosystem\debug\baseagent.obj
d:\documents\visual studio 2015\projects\osero\oselosystem\debug\boardget.obj
d:\documents\visual studio 2015\projects\osero\oselosystem\debug\boardinit.obj
d:\documents\visual studio 2015\projects\osero\oselosystem\debug\boardput.obj
d:\documents\visual studio 2015\projects\osero\oselosystem\debug\oselocheck.obj
d:\documents\visual studio 2015\projects\osero\oselosystem\debug\oselodisp.obj
d:\documents\visual studio 2015\projects\osero\oselosystem\debug\oseloetc.obj
d:\documents\visual studio 2015\projects\osero\oselosystem\debug\oseloget.obj
d:\documents\visual studio 2015\projects\osero\oselosystem\debug\oselosystem.obj
d:\documents\visual studio 2015\projects\osero\oselosystem\debug\oseloput.obj
d:\documents\visual studio 2015\projects\osero\oselosystem\debug\putstate.obj
d:\documents\visual studio 2015\projects\osero\oselosystem\debug\qagent.obj
d:\documents\visual studio 2015\projects\osero\debug\oselosystem.ilk
d:\documents\visual studio 2015\projects\osero\debug\oselosystem.exe
d:\documents\visual studio 2015\projects\osero\debug\oselosystem.pdb
d:\documents\visual studio 2015\projects\osero\oselosystem\debug\oselosystem.vcxprojresolveassemblyreference.cache
d:\documents\visual studio 2015\projects\osero\oselosystem\debug\oselosystem.tlog\cl.command.1.tlog
d:\documents\visual studio 2015\projects\osero\oselosystem\debug\oselosystem.tlog\cl.read.1.tlog
d:\documents\visual studio 2015\projects\osero\oselosystem\debug\oselosystem.tlog\cl.write.1.tlog
d:\documents\visual studio 2015\projects\osero\oselosystem\debug\oselosystem.tlog\link.command.1.tlog
d:\documents\visual studio 2015\projects\osero\oselosystem\debug\oselosystem.tlog\link.read.1.tlog
d:\documents\visual studio 2015\projects\osero\oselosystem\debug\oselosystem.tlog\link.write.1.tlog
