  Main.cpp
c:\program files\microsoft visual studio 14.0\vc\include\xmemory(349): warning C4996: 'std::_Uninitialized_copy0': Function call with parameters that may be unsafe - this call relies on the caller to check that the passed values are correct. To disable this warning, use -D_SCL_SECURE_NO_WARNINGS. See documentation on how to use Visual C++ 'Checked Iterators'
  c:\program files\microsoft visual studio 14.0\vc\include\xmemory(336): note: 'std::_Uninitialized_copy0' の宣言を確認してください
  d:\documents\github\googlelib\sparsehash-c11-master\sparsehash\sparsetable(1131): note: コンパイル対象の関数 テンプレート インスタンス化 '_FwdIt std::uninitialized_copy<std::pair<const Key,T>,std::pair<const Key,T>>(_InIt,_InIt,_FwdIt)' のリファレンスを確認してください
          with
          [
              _FwdIt=std::pair<const std::pair<BoardClass,CellCoord>,QLClass<BoardClass,CellCoord>::Q> ,
              Key=std::pair<BoardClass,CellCoord>,
              T=QLClass<BoardClass,CellCoord>::Q,
              _InIt=std::pair<const std::pair<BoardClass,CellCoord>,QLClass<BoardClass,CellCoord>::Q> 
          ]
  d:\documents\github\googlelib\sparsehash-c11-master\sparsehash\sparsetable(1128): note: クラス テンプレート のメンバー関数 'void google::sparsegroup<T,48,google::libc_allocator_with_realloc<T>>::set_aux(google::sparsegroup<T,48,google::libc_allocator_with_realloc<T>>::size_type,std::false_type)' のコンパイル中
          with
          [
              T=std::pair<const std::pair<BoardClass,CellCoord>,QLClass<BoardClass,CellCoord>::Q>
          ]
  d:\documents\github\googlelib\sparsehash-c11-master\sparsehash\sparsetable(1149): note: コンパイル対象の関数 テンプレート インスタンス化 'void google::sparsegroup<T,48,google::libc_allocator_with_realloc<T>>::set_aux(google::sparsegroup<T,48,google::libc_allocator_with_realloc<T>>::size_type,std::false_type)' のリファレンスを確認してください
          with
          [
              T=std::pair<const std::pair<BoardClass,CellCoord>,QLClass<BoardClass,CellCoord>::Q>
          ]
  c:\program files\microsoft visual studio 14.0\vc\include\vector(1661): note: コンパイル対象のクラス テンプレート インスタンス化 'google::sparsegroup<T,48,google::libc_allocator_with_realloc<T>>' のリファレンスを確認してください
          with
          [
              T=std::pair<const std::pair<BoardClass,CellCoord>,QLClass<BoardClass,CellCoord>::Q>
          ]
  c:\program files\microsoft visual studio 14.0\vc\include\vector(1655): note: クラス テンプレート のメンバー関数 'void std::vector<google::sparsegroup<T,48,google::libc_allocator_with_realloc<T>>,google::libc_allocator_with_realloc<_Newfirst>>::_Tidy(void)' のコンパイル中
          with
          [
              T=std::pair<const std::pair<BoardClass,CellCoord>,QLClass<BoardClass,CellCoord>::Q>,
              _Newfirst=google::sparsegroup<std::pair<const std::pair<BoardClass,CellCoord>,QLClass<BoardClass,CellCoord>::Q>,48,google::libc_allocator_with_realloc<std::pair<const std::pair<BoardClass,CellCoord>,QLClass<BoardClass,CellCoord>::Q>>>
          ]
  c:\program files\microsoft visual studio 14.0\vc\include\vector(975): note: コンパイル対象の関数 テンプレート インスタンス化 'void std::vector<google::sparsegroup<T,48,google::libc_allocator_with_realloc<T>>,google::libc_allocator_with_realloc<_Newfirst>>::_Tidy(void)' のリファレンスを確認してください
          with
          [
              T=std::pair<const std::pair<BoardClass,CellCoord>,QLClass<BoardClass,CellCoord>::Q>,
              _Newfirst=google::sparsegroup<std::pair<const std::pair<BoardClass,CellCoord>,QLClass<BoardClass,CellCoord>::Q>,48,google::libc_allocator_with_realloc<std::pair<const std::pair<BoardClass,CellCoord>,QLClass<BoardClass,CellCoord>::Q>>>
          ]
  d:\documents\github\googlelib\sparsehash-c11-master\sparsehash\sparsetable(1470): note: コンパイル対象のクラス テンプレート インスタンス化 'std::vector<google::sparsegroup<T,48,google::libc_allocator_with_realloc<T>>,google::libc_allocator_with_realloc<_Newfirst>>' のリファレンスを確認してください
          with
          [
              T=std::pair<const std::pair<BoardClass,CellCoord>,QLClass<BoardClass,CellCoord>::Q>,
              _Newfirst=google::sparsegroup<std::pair<const std::pair<BoardClass,CellCoord>,QLClass<BoardClass,CellCoord>::Q>,48,google::libc_allocator_with_realloc<std::pair<const std::pair<BoardClass,CellCoord>,QLClass<BoardClass,CellCoord>::Q>>>
          ]
  d:\documents\github\googlelib\sparsehash-c11-master\sparsehash\internal\sparsehashtable.h(1229): note: コンパイル対象のクラス テンプレート インスタンス化 'google::sparsetable<std::pair<const Key,T>,48,google::libc_allocator_with_realloc<std::pair<const Key,T>>>' のリファレンスを確認してください
          with
          [
              Key=std::pair<BoardClass,CellCoord>,
              T=QLClass<BoardClass,CellCoord>::Q
          ]
  d:\documents\github\googlelib\sparsehash-c11-master\sparsehash\sparse_hash_map(126): note: コンパイル対象のクラス テンプレート インスタンス化 'google::sparse_hashtable<std::pair<const Key,T>,Key,HashFcn,google::sparse_hash_map<Key,T,HashFcn,QLClass<BoardClass,CellCoord>::eqstr,google::libc_allocator_with_realloc<std::pair<const Key,T>>>::SelectKey,google::sparse_hash_map<Key,T,HashFcn,QLClass<BoardClass,CellCoord>::eqstr,google::libc_allocator_with_realloc<std::pair<const Key,T>>>::SetKey,EqualKey,Alloc>' のリファレンスを確認してください
          with
          [
              Key=std::pair<BoardClass,CellCoord>,
              T=QLClass<BoardClass,CellCoord>::Q,
              HashFcn=std::hash<SA>,
              EqualKey=QLClass<BoardClass,CellCoord>::eqstr,
              Alloc=google::libc_allocator_with_realloc<std::pair<const std::pair<BoardClass,CellCoord>,QLClass<BoardClass,CellCoord>::Q>>
          ]
  d:\documents\github\machinelearning\reinforcementlearning\qlearning\qlearning\qlclass.h(61): note: コンパイル対象のクラス テンプレート インスタンス化 'google::sparse_hash_map<std::pair<BoardClass,CellCoord>,QLClass<BoardClass,CellCoord>::Q,std::hash<SA>,QLClass<BoardClass,CellCoord>::eqstr,google::libc_allocator_with_realloc<std::pair<const Key,T>>>' のリファレンスを確認してください
          with
          [
              Key=std::pair<BoardClass,CellCoord>,
              T=QLClass<BoardClass,CellCoord>::Q
          ]
  d:\documents\github\game\oselo\oselosystem\qagent.h(12): note: コンパイル対象のクラス テンプレート インスタンス化 'QLClass<BoardClass,CellCoord>' のリファレンスを確認してください
  OseloSystem.vcxproj -> D:\Documents\GitHub\Game\Oselo\Debug\OseloSystem.exe
